[0.630s] Invoking command in '/root/ros2_ws/src/bug_algorithms': PYTHONPATH=/root/ros2_ws/src/bug_algorithms/build/bug_algorithms/prefix_override:/usr/lib/python3/dist-packages/colcon_core/task/python/colcon_distutils_commands:/root/ros2_ws/src/bug_algorithms/install/bug_algorithms/lib/python3.10/site-packages:${PYTHONPATH} /usr/bin/python3 -W ignore:setup.py install is deprecated -W ignore:easy_install command is deprecated setup.py egg_info --egg-base build/bug_algorithms build --build-base /root/ros2_ws/src/bug_algorithms/build/bug_algorithms/build install --record /root/ros2_ws/src/bug_algorithms/build/bug_algorithms/install.log --single-version-externally-managed install_data
[0.869s] running egg_info
[0.870s] writing build/bug_algorithms/bug_algorithms.egg-info/PKG-INFO
[0.871s] writing dependency_links to build/bug_algorithms/bug_algorithms.egg-info/dependency_links.txt
[0.871s] writing entry points to build/bug_algorithms/bug_algorithms.egg-info/entry_points.txt
[0.871s] writing requirements to build/bug_algorithms/bug_algorithms.egg-info/requires.txt
[0.872s] writing top-level names to build/bug_algorithms/bug_algorithms.egg-info/top_level.txt
[0.874s] reading manifest file 'build/bug_algorithms/bug_algorithms.egg-info/SOURCES.txt'
[0.875s] writing manifest file 'build/bug_algorithms/bug_algorithms.egg-info/SOURCES.txt'
[0.875s] running build
[0.875s] running build_py
[0.875s] copying bug_algorithms/bug1.py -> /root/ros2_ws/src/bug_algorithms/build/bug_algorithms/build/lib/bug_algorithms
[0.876s] running install
[0.876s] running install_lib
[0.877s] copying /root/ros2_ws/src/bug_algorithms/build/bug_algorithms/build/lib/bug_algorithms/bug1.py -> /root/ros2_ws/src/bug_algorithms/install/bug_algorithms/lib/python3.10/site-packages/bug_algorithms
[0.878s] byte-compiling /root/ros2_ws/src/bug_algorithms/install/bug_algorithms/lib/python3.10/site-packages/bug_algorithms/bug1.py to bug1.cpython-310.pyc
[0.880s] running install_data
[0.880s] running install_egg_info
[0.882s] removing '/root/ros2_ws/src/bug_algorithms/install/bug_algorithms/lib/python3.10/site-packages/bug_algorithms-0.0.0-py3.10.egg-info' (and everything under it)
[0.882s] Copying build/bug_algorithms/bug_algorithms.egg-info to /root/ros2_ws/src/bug_algorithms/install/bug_algorithms/lib/python3.10/site-packages/bug_algorithms-0.0.0-py3.10.egg-info
[0.883s] running install_scripts
[0.903s] Installing bug1 script to /root/ros2_ws/src/bug_algorithms/install/bug_algorithms/lib/bug_algorithms
[0.904s] Installing bug_tangente script to /root/ros2_ws/src/bug_algorithms/install/bug_algorithms/lib/bug_algorithms
[0.904s] writing list of installed files to '/root/ros2_ws/src/bug_algorithms/build/bug_algorithms/install.log'
[0.936s] Invoked command in '/root/ros2_ws/src/bug_algorithms' returned '0': PYTHONPATH=/root/ros2_ws/src/bug_algorithms/build/bug_algorithms/prefix_override:/usr/lib/python3/dist-packages/colcon_core/task/python/colcon_distutils_commands:/root/ros2_ws/src/bug_algorithms/install/bug_algorithms/lib/python3.10/site-packages:${PYTHONPATH} /usr/bin/python3 -W ignore:setup.py install is deprecated -W ignore:easy_install command is deprecated setup.py egg_info --egg-base build/bug_algorithms build --build-base /root/ros2_ws/src/bug_algorithms/build/bug_algorithms/build install --record /root/ros2_ws/src/bug_algorithms/build/bug_algorithms/install.log --single-version-externally-managed install_data
