[1.919s] Invoking command in '/root/ros2_ws/src/bug_algorithms': PYTHONPATH=/root/ros2_ws/src/bug_algorithms/build/bug_algorithms/prefix_override:/usr/lib/python3/dist-packages/colcon_core/task/python/colcon_distutils_commands:/root/ros2_ws/src/bug_algorithms/install/bug_algorithms/lib/python3.10/site-packages:${PYTHONPATH} /usr/bin/python3 -W ignore:setup.py install is deprecated -W ignore:easy_install command is deprecated setup.py egg_info --egg-base build/bug_algorithms build --build-base /root/ros2_ws/src/bug_algorithms/build/bug_algorithms/build install --record /root/ros2_ws/src/bug_algorithms/build/bug_algorithms/install.log --single-version-externally-managed install_data
[2.129s] running egg_info
[2.130s] writing build/bug_algorithms/bug_algorithms.egg-info/PKG-INFO
[2.130s] writing dependency_links to build/bug_algorithms/bug_algorithms.egg-info/dependency_links.txt
[2.130s] writing entry points to build/bug_algorithms/bug_algorithms.egg-info/entry_points.txt
[2.131s] writing requirements to build/bug_algorithms/bug_algorithms.egg-info/requires.txt
[2.131s] writing top-level names to build/bug_algorithms/bug_algorithms.egg-info/top_level.txt
[2.139s] reading manifest file 'build/bug_algorithms/bug_algorithms.egg-info/SOURCES.txt'
[2.174s] writing manifest file 'build/bug_algorithms/bug_algorithms.egg-info/SOURCES.txt'
[2.174s] running build
[2.174s] running build_py
[2.174s] copying bug_algorithms/bug1.py -> /root/ros2_ws/src/bug_algorithms/build/bug_algorithms/build/lib/bug_algorithms
[2.179s] running install
[2.179s] running install_lib
[2.188s] copying /root/ros2_ws/src/bug_algorithms/build/bug_algorithms/build/lib/bug_algorithms/bug1.py -> /root/ros2_ws/src/bug_algorithms/install/bug_algorithms/lib/python3.10/site-packages/bug_algorithms
[2.202s] byte-compiling /root/ros2_ws/src/bug_algorithms/install/bug_algorithms/lib/python3.10/site-packages/bug_algorithms/bug1.py to bug1.cpython-310.pyc
[2.220s] running install_data
[2.220s] running install_egg_info
[2.223s] removing '/root/ros2_ws/src/bug_algorithms/install/bug_algorithms/lib/python3.10/site-packages/bug_algorithms-0.0.0-py3.10.egg-info' (and everything under it)
[2.242s] Copying build/bug_algorithms/bug_algorithms.egg-info to /root/ros2_ws/src/bug_algorithms/install/bug_algorithms/lib/python3.10/site-packages/bug_algorithms-0.0.0-py3.10.egg-info
[2.258s] running install_scripts
[2.277s] Installing bug1 script to /root/ros2_ws/src/bug_algorithms/install/bug_algorithms/lib/bug_algorithms
[2.277s] Installing bug_tangente script to /root/ros2_ws/src/bug_algorithms/install/bug_algorithms/lib/bug_algorithms
[2.278s] writing list of installed files to '/root/ros2_ws/src/bug_algorithms/build/bug_algorithms/install.log'
[2.307s] Invoked command in '/root/ros2_ws/src/bug_algorithms' returned '0': PYTHONPATH=/root/ros2_ws/src/bug_algorithms/build/bug_algorithms/prefix_override:/usr/lib/python3/dist-packages/colcon_core/task/python/colcon_distutils_commands:/root/ros2_ws/src/bug_algorithms/install/bug_algorithms/lib/python3.10/site-packages:${PYTHONPATH} /usr/bin/python3 -W ignore:setup.py install is deprecated -W ignore:easy_install command is deprecated setup.py egg_info --egg-base build/bug_algorithms build --build-base /root/ros2_ws/src/bug_algorithms/build/bug_algorithms/build install --record /root/ros2_ws/src/bug_algorithms/build/bug_algorithms/install.log --single-version-externally-managed install_data
