[3.112s] DEBUG:colcon:Command line arguments: ['/usr/bin/colcon', 'build', '--packages-select', 'bug_algorithms']
[3.112s] DEBUG:colcon:Parsed command line arguments: Namespace(log_base=None, log_level=None, verb_name='build', build_base='build', install_base='install', merge_install=False, symlink_install=False, test_result_base=None, continue_on_error=False, executor='parallel', parallel_workers=12, event_handlers=None, ignore_user_meta=False, metas=['./colcon.meta'], base_paths=['.'], packages_ignore=None, packages_ignore_regex=None, paths=None, packages_up_to=None, packages_up_to_regex=None, packages_above=None, packages_above_and_dependencies=None, packages_above_depth=None, packages_select_by_dep=None, packages_skip_by_dep=None, packages_skip_up_to=None, packages_select_build_failed=False, packages_skip_build_finished=False, packages_select_test_failures=False, packages_skip_test_passed=False, packages_select=['bug_algorithms'], packages_skip=None, packages_select_regex=None, packages_skip_regex=None, packages_start=None, packages_end=None, allow_overriding=[], cmake_args=None, cmake_target=None, cmake_target_skip_unavailable=False, cmake_clean_cache=False, cmake_clean_first=False, cmake_force_configure=False, ament_cmake_args=None, catkin_cmake_args=None, catkin_skip_building_tests=False, mixin_files=None, mixin=None, verb_parser=<colcon_mixin.mixin.mixin_argument.MixinArgumentDecorator object at 0x7f017414f6a0>, verb_extension=<colcon_core.verb.build.BuildVerb object at 0x7f0174290430>, main=<bound method BuildVerb.main of <colcon_core.verb.build.BuildVerb object at 0x7f0174290430>>, mixin_verb=('build',))
[10.449s] Level 1:colcon.colcon_core.package_discovery:discover_packages(colcon_meta) check parameters
[10.449s] Level 1:colcon.colcon_core.package_discovery:discover_packages(recursive) check parameters
[10.449s] Level 1:colcon.colcon_core.package_discovery:discover_packages(ignore) check parameters
[10.449s] Level 1:colcon.colcon_core.package_discovery:discover_packages(path) check parameters
[10.449s] Level 1:colcon.colcon_core.package_discovery:discover_packages(colcon_meta) discover
[10.449s] Level 1:colcon.colcon_core.package_discovery:discover_packages(recursive) discover
[10.449s] INFO:colcon.colcon_core.package_discovery:Crawling recursively for packages in '/root/ros2_ws/src/bug_algorithms'
[10.450s] Level 1:colcon.colcon_core.package_identification:_identify(.) by extensions ['ignore', 'ignore_ament_install']
[10.450s] Level 1:colcon.colcon_core.package_identification:_identify(.) by extension 'ignore'
[10.450s] Level 1:colcon.colcon_core.package_identification:_identify(.) by extension 'ignore_ament_install'
[10.450s] Level 1:colcon.colcon_core.package_identification:_identify(.) by extensions ['colcon_pkg']
[10.450s] Level 1:colcon.colcon_core.package_identification:_identify(.) by extension 'colcon_pkg'
[10.450s] Level 1:colcon.colcon_core.package_identification:_identify(.) by extensions ['colcon_meta']
[10.450s] Level 1:colcon.colcon_core.package_identification:_identify(.) by extension 'colcon_meta'
[10.450s] Level 1:colcon.colcon_core.package_identification:_identify(.) by extensions ['ros']
[10.450s] Level 1:colcon.colcon_core.package_identification:_identify(.) by extension 'ros'
[10.555s] DEBUG:colcon.colcon_core.package_identification:Package '.' with type 'ros.ament_python' and name 'bug_algorithms'
[10.555s] Level 1:colcon.colcon_core.package_discovery:discover_packages(recursive) using defaults
[10.555s] Level 1:colcon.colcon_core.package_discovery:discover_packages(ignore) discover
[10.556s] Level 1:colcon.colcon_core.package_discovery:discover_packages(ignore) using defaults
[10.556s] Level 1:colcon.colcon_core.package_discovery:discover_packages(path) discover
[10.556s] Level 1:colcon.colcon_core.package_discovery:discover_packages(path) using defaults
[10.959s] Level 1:colcon.colcon_core.package_discovery:discover_packages(prefix_path) check parameters
[10.959s] Level 1:colcon.colcon_core.package_discovery:discover_packages(prefix_path) discover
[11.318s] DEBUG:colcon.colcon_installed_package_information.package_discovery:Found 1 installed packages in /root/ros2_ws/src/bug_algorithms/install
[11.332s] DEBUG:colcon.colcon_installed_package_information.package_discovery:Found 1 installed packages in /root/ros2_ws/install
[11.355s] DEBUG:colcon.colcon_installed_package_information.package_discovery:Found 16 installed packages in /root/turtlebot3_ws/install
[11.378s] DEBUG:colcon.colcon_installed_package_information.package_discovery:Found 380 installed packages in /opt/ros/humble
[11.380s] Level 1:colcon.colcon_core.package_discovery:discover_packages(prefix_path) using defaults
[12.631s] Level 5:colcon.colcon_core.verb:set package 'bug_algorithms' build argument 'cmake_args' from command line to 'None'
[12.631s] Level 5:colcon.colcon_core.verb:set package 'bug_algorithms' build argument 'cmake_target' from command line to 'None'
[12.631s] Level 5:colcon.colcon_core.verb:set package 'bug_algorithms' build argument 'cmake_target_skip_unavailable' from command line to 'False'
[12.631s] Level 5:colcon.colcon_core.verb:set package 'bug_algorithms' build argument 'cmake_clean_cache' from command line to 'False'
[12.631s] Level 5:colcon.colcon_core.verb:set package 'bug_algorithms' build argument 'cmake_clean_first' from command line to 'False'
[12.631s] Level 5:colcon.colcon_core.verb:set package 'bug_algorithms' build argument 'cmake_force_configure' from command line to 'False'
[12.631s] Level 5:colcon.colcon_core.verb:set package 'bug_algorithms' build argument 'ament_cmake_args' from command line to 'None'
[12.631s] Level 5:colcon.colcon_core.verb:set package 'bug_algorithms' build argument 'catkin_cmake_args' from command line to 'None'
[12.631s] Level 5:colcon.colcon_core.verb:set package 'bug_algorithms' build argument 'catkin_skip_building_tests' from command line to 'False'
[12.631s] DEBUG:colcon.colcon_core.verb:Building package 'bug_algorithms' with the following arguments: {'ament_cmake_args': None, 'build_base': '/root/ros2_ws/src/bug_algorithms/build/bug_algorithms', 'catkin_cmake_args': None, 'catkin_skip_building_tests': False, 'cmake_args': None, 'cmake_clean_cache': False, 'cmake_clean_first': False, 'cmake_force_configure': False, 'cmake_target': None, 'cmake_target_skip_unavailable': False, 'install_base': '/root/ros2_ws/src/bug_algorithms/install/bug_algorithms', 'merge_install': False, 'path': '/root/ros2_ws/src/bug_algorithms', 'symlink_install': False, 'test_result_base': None}
[12.631s] INFO:colcon.colcon_core.executor:Executing jobs using 'parallel' executor
[12.632s] DEBUG:colcon.colcon_parallel_executor.executor.parallel:run_until_complete
[12.633s] INFO:colcon.colcon_ros.task.ament_python.build:Building ROS package in '/root/ros2_ws/src/bug_algorithms' with build type 'ament_python'
[12.659s] Level 1:colcon.colcon_core.shell:create_environment_hook('bug_algorithms', 'ament_prefix_path')
[12.758s] INFO:colcon.colcon_core.plugin_system:Skipping extension 'colcon_core.shell.bat': Not used on non-Windows systems
[12.758s] INFO:colcon.colcon_core.shell:Creating environment hook '/root/ros2_ws/src/bug_algorithms/install/bug_algorithms/share/bug_algorithms/hook/ament_prefix_path.ps1'
[12.772s] INFO:colcon.colcon_core.shell:Creating environment descriptor '/root/ros2_ws/src/bug_algorithms/install/bug_algorithms/share/bug_algorithms/hook/ament_prefix_path.dsv'
[12.785s] INFO:colcon.colcon_core.shell:Creating environment hook '/root/ros2_ws/src/bug_algorithms/install/bug_algorithms/share/bug_algorithms/hook/ament_prefix_path.sh'
[12.786s] INFO:colcon.colcon_core.shell:Skip shell extension 'powershell' for command environment: Not usable outside of PowerShell
[12.786s] DEBUG:colcon.colcon_core.shell:Skip shell extension 'dsv' for command environment
[13.146s] INFO:colcon.colcon_core.task.python.build:Building Python package in '/root/ros2_ws/src/bug_algorithms'
[13.147s] INFO:colcon.colcon_core.shell:Skip shell extension 'powershell' for command environment: Not usable outside of PowerShell
[13.147s] DEBUG:colcon.colcon_core.shell:Skip shell extension 'dsv' for command environment
[14.579s] DEBUG:colcon.colcon_core.event_handler.log_command:Invoking command in '/root/ros2_ws/src/bug_algorithms': PYTHONPATH=/root/ros2_ws/src/bug_algorithms/build/bug_algorithms/prefix_override:/usr/lib/python3/dist-packages/colcon_core/task/python/colcon_distutils_commands:/root/ros2_ws/src/bug_algorithms/install/bug_algorithms/lib/python3.10/site-packages:${PYTHONPATH} /usr/bin/python3 -W ignore:setup.py install is deprecated -W ignore:easy_install command is deprecated setup.py egg_info --egg-base build/bug_algorithms build --build-base /root/ros2_ws/src/bug_algorithms/build/bug_algorithms/build install --record /root/ros2_ws/src/bug_algorithms/build/bug_algorithms/install.log --single-version-externally-managed install_data
[14.966s] DEBUG:colcon.colcon_core.event_handler.log_command:Invoked command in '/root/ros2_ws/src/bug_algorithms' returned '0': PYTHONPATH=/root/ros2_ws/src/bug_algorithms/build/bug_algorithms/prefix_override:/usr/lib/python3/dist-packages/colcon_core/task/python/colcon_distutils_commands:/root/ros2_ws/src/bug_algorithms/install/bug_algorithms/lib/python3.10/site-packages:${PYTHONPATH} /usr/bin/python3 -W ignore:setup.py install is deprecated -W ignore:easy_install command is deprecated setup.py egg_info --egg-base build/bug_algorithms build --build-base /root/ros2_ws/src/bug_algorithms/build/bug_algorithms/build install --record /root/ros2_ws/src/bug_algorithms/build/bug_algorithms/install.log --single-version-externally-managed install_data
[15.069s] Level 1:colcon.colcon_core.environment:checking '/root/ros2_ws/src/bug_algorithms/install/bug_algorithms' for CMake module files
[15.091s] Level 1:colcon.colcon_core.environment:checking '/root/ros2_ws/src/bug_algorithms/install/bug_algorithms' for CMake config files
[15.159s] Level 1:colcon.colcon_core.environment:checking '/root/ros2_ws/src/bug_algorithms/install/bug_algorithms/lib'
[15.159s] Level 1:colcon.colcon_core.environment:checking '/root/ros2_ws/src/bug_algorithms/install/bug_algorithms/bin'
[15.159s] Level 1:colcon.colcon_core.environment:checking '/root/ros2_ws/src/bug_algorithms/install/bug_algorithms/lib/pkgconfig/bug_algorithms.pc'
[15.159s] Level 1:colcon.colcon_core.environment:checking '/root/ros2_ws/src/bug_algorithms/install/bug_algorithms/lib/python3.10/site-packages'
[15.159s] Level 1:colcon.colcon_core.shell:create_environment_hook('bug_algorithms', 'pythonpath')
[15.160s] INFO:colcon.colcon_core.shell:Creating environment hook '/root/ros2_ws/src/bug_algorithms/install/bug_algorithms/share/bug_algorithms/hook/pythonpath.ps1'
[15.160s] INFO:colcon.colcon_core.shell:Creating environment descriptor '/root/ros2_ws/src/bug_algorithms/install/bug_algorithms/share/bug_algorithms/hook/pythonpath.dsv'
[15.160s] INFO:colcon.colcon_core.shell:Creating environment hook '/root/ros2_ws/src/bug_algorithms/install/bug_algorithms/share/bug_algorithms/hook/pythonpath.sh'
[15.161s] Level 1:colcon.colcon_core.environment:checking '/root/ros2_ws/src/bug_algorithms/install/bug_algorithms/bin'
[15.161s] Level 1:colcon.colcon_core.environment:create_environment_scripts_only(bug_algorithms)
[15.161s] INFO:colcon.colcon_core.shell:Creating package script '/root/ros2_ws/src/bug_algorithms/install/bug_algorithms/share/bug_algorithms/package.ps1'
[15.180s] INFO:colcon.colcon_core.shell:Creating package descriptor '/root/ros2_ws/src/bug_algorithms/install/bug_algorithms/share/bug_algorithms/package.dsv'
[15.192s] INFO:colcon.colcon_core.shell:Creating package script '/root/ros2_ws/src/bug_algorithms/install/bug_algorithms/share/bug_algorithms/package.sh'
[15.193s] INFO:colcon.colcon_core.shell:Creating package script '/root/ros2_ws/src/bug_algorithms/install/bug_algorithms/share/bug_algorithms/package.bash'
[15.203s] INFO:colcon.colcon_core.shell:Creating package script '/root/ros2_ws/src/bug_algorithms/install/bug_algorithms/share/bug_algorithms/package.zsh'
[15.211s] Level 1:colcon.colcon_core.environment:create_file_with_runtime_dependencies(/root/ros2_ws/src/bug_algorithms/install/bug_algorithms/share/colcon-core/packages/bug_algorithms)
[15.211s] DEBUG:colcon.colcon_parallel_executor.executor.parallel:closing loop
[15.212s] DEBUG:colcon.colcon_parallel_executor.executor.parallel:loop closed
[15.212s] DEBUG:colcon.colcon_parallel_executor.executor.parallel:run_until_complete finished with '0'
[15.213s] DEBUG:colcon.colcon_core.event_reactor:joining thread
[15.383s] INFO:colcon.colcon_core.plugin_system:Skipping extension 'colcon_notification.desktop_notification.notify_send': Could not find 'notify-send'
[15.384s] INFO:colcon.colcon_core.plugin_system:Skipping extension 'colcon_notification.desktop_notification.terminal_notifier': Not used on non-Darwin systems
[15.384s] INFO:colcon.colcon_core.plugin_system:Skipping extension 'colcon_notification.desktop_notification.win32': Not used on non-Windows systems
[15.384s] INFO:colcon.colcon_notification.desktop_notification:Sending desktop notification using 'notify2'
[15.384s] DEBUG:colcon.colcon_notification.desktop_notification.notify2:Failed to initialize notify2: org.freedesktop.DBus.Error.FileNotFound: Failed to connect to socket /run/user/0/bus: No such file or directory
[15.384s] DEBUG:colcon.colcon_core.event_reactor:joined thread
[15.385s] INFO:colcon.colcon_core.shell:Creating prefix script '/root/ros2_ws/src/bug_algorithms/install/local_setup.ps1'
[15.386s] INFO:colcon.colcon_core.shell:Creating prefix util module '/root/ros2_ws/src/bug_algorithms/install/_local_setup_util_ps1.py'
[15.388s] INFO:colcon.colcon_core.shell:Creating prefix chain script '/root/ros2_ws/src/bug_algorithms/install/setup.ps1'
[15.389s] INFO:colcon.colcon_core.shell:Creating prefix script '/root/ros2_ws/src/bug_algorithms/install/local_setup.sh'
[15.390s] INFO:colcon.colcon_core.shell:Creating prefix util module '/root/ros2_ws/src/bug_algorithms/install/_local_setup_util_sh.py'
[15.391s] INFO:colcon.colcon_core.shell:Creating prefix chain script '/root/ros2_ws/src/bug_algorithms/install/setup.sh'
[15.392s] INFO:colcon.colcon_core.shell:Creating prefix script '/root/ros2_ws/src/bug_algorithms/install/local_setup.bash'
[15.393s] INFO:colcon.colcon_core.shell:Creating prefix chain script '/root/ros2_ws/src/bug_algorithms/install/setup.bash'
[15.395s] INFO:colcon.colcon_core.shell:Creating prefix script '/root/ros2_ws/src/bug_algorithms/install/local_setup.zsh'
[15.396s] INFO:colcon.colcon_core.shell:Creating prefix chain script '/root/ros2_ws/src/bug_algorithms/install/setup.zsh'
