[6.579s] DEBUG:colcon:Command line arguments: ['/usr/bin/colcon', 'build', '--packages-select', 'bug_algorithms']
[6.579s] DEBUG:colcon:Parsed command line arguments: Namespace(log_base=None, log_level=None, verb_name='build', build_base='build', install_base='install', merge_install=False, symlink_install=False, test_result_base=None, continue_on_error=False, executor='parallel', parallel_workers=12, event_handlers=None, ignore_user_meta=False, metas=['./colcon.meta'], base_paths=['.'], packages_ignore=None, packages_ignore_regex=None, paths=None, packages_up_to=None, packages_up_to_regex=None, packages_above=None, packages_above_and_dependencies=None, packages_above_depth=None, packages_select_by_dep=None, packages_skip_by_dep=None, packages_skip_up_to=None, packages_select_build_failed=False, packages_skip_build_finished=False, packages_select_test_failures=False, packages_skip_test_passed=False, packages_select=['bug_algorithms'], packages_skip=None, packages_select_regex=None, packages_skip_regex=None, packages_start=None, packages_end=None, allow_overriding=[], cmake_args=None, cmake_target=None, cmake_target_skip_unavailable=False, cmake_clean_cache=False, cmake_clean_first=False, cmake_force_configure=False, ament_cmake_args=None, catkin_cmake_args=None, catkin_skip_building_tests=False, mixin_files=None, mixin=None, verb_parser=<colcon_mixin.mixin.mixin_argument.MixinArgumentDecorator object at 0x7fb0c82ef400>, verb_extension=<colcon_core.verb.build.BuildVerb object at 0x7fb0c84302e0>, main=<bound method BuildVerb.main of <colcon_core.verb.build.BuildVerb object at 0x7fb0c84302e0>>, mixin_verb=('build',))
[11.070s] Level 1:colcon.colcon_core.package_discovery:discover_packages(colcon_meta) check parameters
[11.071s] Level 1:colcon.colcon_core.package_discovery:discover_packages(recursive) check parameters
[11.071s] Level 1:colcon.colcon_core.package_discovery:discover_packages(ignore) check parameters
[11.071s] Level 1:colcon.colcon_core.package_discovery:discover_packages(path) check parameters
[11.071s] Level 1:colcon.colcon_core.package_discovery:discover_packages(colcon_meta) discover
[11.071s] Level 1:colcon.colcon_core.package_discovery:discover_packages(recursive) discover
[11.071s] INFO:colcon.colcon_core.package_discovery:Crawling recursively for packages in '/root/ros2_ws/src/bug_algorithms'
[11.071s] Level 1:colcon.colcon_core.package_identification:_identify(.) by extensions ['ignore', 'ignore_ament_install']
[11.071s] Level 1:colcon.colcon_core.package_identification:_identify(.) by extension 'ignore'
[11.072s] Level 1:colcon.colcon_core.package_identification:_identify(.) by extension 'ignore_ament_install'
[11.072s] Level 1:colcon.colcon_core.package_identification:_identify(.) by extensions ['colcon_pkg']
[11.072s] Level 1:colcon.colcon_core.package_identification:_identify(.) by extension 'colcon_pkg'
[11.072s] Level 1:colcon.colcon_core.package_identification:_identify(.) by extensions ['colcon_meta']
[11.072s] Level 1:colcon.colcon_core.package_identification:_identify(.) by extension 'colcon_meta'
[11.072s] Level 1:colcon.colcon_core.package_identification:_identify(.) by extensions ['ros']
[11.072s] Level 1:colcon.colcon_core.package_identification:_identify(.) by extension 'ros'
[11.176s] DEBUG:colcon.colcon_core.package_identification:Package '.' with type 'ros.ament_python' and name 'bug_algorithms'
[11.176s] Level 1:colcon.colcon_core.package_discovery:discover_packages(recursive) using defaults
[11.176s] Level 1:colcon.colcon_core.package_discovery:discover_packages(ignore) discover
[11.176s] Level 1:colcon.colcon_core.package_discovery:discover_packages(ignore) using defaults
[11.176s] Level 1:colcon.colcon_core.package_discovery:discover_packages(path) discover
[11.177s] Level 1:colcon.colcon_core.package_discovery:discover_packages(path) using defaults
[11.496s] Level 1:colcon.colcon_core.package_discovery:discover_packages(prefix_path) check parameters
[11.497s] Level 1:colcon.colcon_core.package_discovery:discover_packages(prefix_path) discover
[11.564s] DEBUG:colcon.colcon_installed_package_information.package_discovery:Found 16 installed packages in /root/turtlebot3_ws/install
[11.565s] DEBUG:colcon.colcon_installed_package_information.package_discovery:Found 1 installed packages in /root/ros2_ws/install
[11.566s] DEBUG:colcon.colcon_installed_package_information.package_discovery:Found 380 installed packages in /opt/ros/humble
[11.568s] Level 1:colcon.colcon_core.package_discovery:discover_packages(prefix_path) using defaults
