running egg_info
writing build/bug_algorithms/bug_algorithms.egg-info/PKG-INFO
writing dependency_links to build/bug_algorithms/bug_algorithms.egg-info/dependency_links.txt
writing entry points to build/bug_algorithms/bug_algorithms.egg-info/entry_points.txt
writing requirements to build/bug_algorithms/bug_algorithms.egg-info/requires.txt
writing top-level names to build/bug_algorithms/bug_algorithms.egg-info/top_level.txt
reading manifest file 'build/bug_algorithms/bug_algorithms.egg-info/SOURCES.txt'
writing manifest file 'build/bug_algorithms/bug_algorithms.egg-info/SOURCES.txt'
running build
running build_py
copying bug_algorithms/bug1.py -> /root/ros2_ws/src/bug_algorithms/build/bug_algorithms/build/lib/bug_algorithms
running install
running install_lib
copying /root/ros2_ws/src/bug_algorithms/build/bug_algorithms/build/lib/bug_algorithms/bug1.py -> /root/ros2_ws/src/bug_algorithms/install/bug_algorithms/lib/python3.10/site-packages/bug_algorithms
byte-compiling /root/ros2_ws/src/bug_algorithms/install/bug_algorithms/lib/python3.10/site-packages/bug_algorithms/bug1.py to bug1.cpython-310.pyc
running install_data
copying launch/bug_world.launch.py -> /root/ros2_ws/src/bug_algorithms/install/bug_algorithms/share/bug_algorithms/launch
running install_egg_info
removing '/root/ros2_ws/src/bug_algorithms/install/bug_algorithms/lib/python3.10/site-packages/bug_algorithms-0.0.0-py3.10.egg-info' (and everything under it)
Copying build/bug_algorithms/bug_algorithms.egg-info to /root/ros2_ws/src/bug_algorithms/install/bug_algorithms/lib/python3.10/site-packages/bug_algorithms-0.0.0-py3.10.egg-info
running install_scripts
Installing bug1 script to /root/ros2_ws/src/bug_algorithms/install/bug_algorithms/lib/bug_algorithms
Installing bug_tangente script to /root/ros2_ws/src/bug_algorithms/install/bug_algorithms/lib/bug_algorithms
writing list of installed files to '/root/ros2_ws/src/bug_algorithms/build/bug_algorithms/install.log'
