[1.623s] Invoking command in '/root/ros2_ws/src/bug_algorithms': PYTHONPATH=/root/ros2_ws/src/bug_algorithms/build/bug_algorithms/prefix_override:/usr/lib/python3/dist-packages/colcon_core/task/python/colcon_distutils_commands:/root/ros2_ws/src/bug_algorithms/install/bug_algorithms/lib/python3.10/site-packages:${PYTHONPATH} /usr/bin/python3 -W ignore:setup.py install is deprecated -W ignore:easy_install command is deprecated setup.py egg_info --egg-base build/bug_algorithms build --build-base /root/ros2_ws/src/bug_algorithms/build/bug_algorithms/build install --record /root/ros2_ws/src/bug_algorithms/build/bug_algorithms/install.log --single-version-externally-managed install_data
[1.833s] running egg_info
[1.834s] writing build/bug_algorithms/bug_algorithms.egg-info/PKG-INFO
[1.867s] writing dependency_links to build/bug_algorithms/bug_algorithms.egg-info/dependency_links.txt
[1.867s] writing entry points to build/bug_algorithms/bug_algorithms.egg-info/entry_points.txt
[1.867s] writing requirements to build/bug_algorithms/bug_algorithms.egg-info/requires.txt
[1.867s] writing top-level names to build/bug_algorithms/bug_algorithms.egg-info/top_level.txt
[1.870s] reading manifest file 'build/bug_algorithms/bug_algorithms.egg-info/SOURCES.txt'
[1.888s] writing manifest file 'build/bug_algorithms/bug_algorithms.egg-info/SOURCES.txt'
[1.889s] running build
[1.889s] running build_py
[1.889s] copying bug_algorithms/bug1.py -> /root/ros2_ws/src/bug_algorithms/build/bug_algorithms/build/lib/bug_algorithms
[1.904s] copying bug_algorithms/bug_zero.py -> /root/ros2_ws/src/bug_algorithms/build/bug_algorithms/build/lib/bug_algorithms
[1.904s] copying bug_algorithms/bug_tangente.py -> /root/ros2_ws/src/bug_algorithms/build/bug_algorithms/build/lib/bug_algorithms
[1.904s] copying bug_algorithms/potential_fields.py -> /root/ros2_ws/src/bug_algorithms/build/bug_algorithms/build/lib/bug_algorithms
[1.904s] running install
[1.905s] running install_lib
[1.905s] copying /root/ros2_ws/src/bug_algorithms/build/bug_algorithms/build/lib/bug_algorithms/bug1.py -> /root/ros2_ws/src/bug_algorithms/install/bug_algorithms/lib/python3.10/site-packages/bug_algorithms
[1.906s] copying /root/ros2_ws/src/bug_algorithms/build/bug_algorithms/build/lib/bug_algorithms/bug_zero.py -> /root/ros2_ws/src/bug_algorithms/install/bug_algorithms/lib/python3.10/site-packages/bug_algorithms
[1.906s] copying /root/ros2_ws/src/bug_algorithms/build/bug_algorithms/build/lib/bug_algorithms/bug_tangente.py -> /root/ros2_ws/src/bug_algorithms/install/bug_algorithms/lib/python3.10/site-packages/bug_algorithms
[1.906s] copying /root/ros2_ws/src/bug_algorithms/build/bug_algorithms/build/lib/bug_algorithms/potential_fields.py -> /root/ros2_ws/src/bug_algorithms/install/bug_algorithms/lib/python3.10/site-packages/bug_algorithms
[1.906s] byte-compiling /root/ros2_ws/src/bug_algorithms/install/bug_algorithms/lib/python3.10/site-packages/bug_algorithms/bug1.py to bug1.cpython-310.pyc
[1.908s] byte-compiling /root/ros2_ws/src/bug_algorithms/install/bug_algorithms/lib/python3.10/site-packages/bug_algorithms/bug_zero.py to bug_zero.cpython-310.pyc
[1.909s] byte-compiling /root/ros2_ws/src/bug_algorithms/install/bug_algorithms/lib/python3.10/site-packages/bug_algorithms/bug_tangente.py to bug_tangente.cpython-310.pyc
[1.910s] byte-compiling /root/ros2_ws/src/bug_algorithms/install/bug_algorithms/lib/python3.10/site-packages/bug_algorithms/potential_fields.py to potential_fields.cpython-310.pyc
[1.910s] running install_data
[1.910s] copying launch/bug_tangente.launch.py -> /root/ros2_ws/src/bug_algorithms/install/bug_algorithms/share/bug_algorithms/launch
[1.926s] copying launch/bug_world.launch.py -> /root/ros2_ws/src/bug_algorithms/install/bug_algorithms/share/bug_algorithms/launch
[1.940s] copying launch/bug_zero_world.launch.py -> /root/ros2_ws/src/bug_algorithms/install/bug_algorithms/share/bug_algorithms/launch
[1.940s] copying launch/potential_fields.launch.py -> /root/ros2_ws/src/bug_algorithms/install/bug_algorithms/share/bug_algorithms/launch
[1.940s] running install_egg_info
[1.942s] removing '/root/ros2_ws/src/bug_algorithms/install/bug_algorithms/lib/python3.10/site-packages/bug_algorithms-0.0.0-py3.10.egg-info' (and everything under it)
[1.942s] Copying build/bug_algorithms/bug_algorithms.egg-info to /root/ros2_ws/src/bug_algorithms/install/bug_algorithms/lib/python3.10/site-packages/bug_algorithms-0.0.0-py3.10.egg-info
[1.961s] running install_scripts
[1.977s] Installing bug1 script to /root/ros2_ws/src/bug_algorithms/install/bug_algorithms/lib/bug_algorithms
[1.977s] Installing bug_tangente script to /root/ros2_ws/src/bug_algorithms/install/bug_algorithms/lib/bug_algorithms
[1.977s] Installing bug_zero script to /root/ros2_ws/src/bug_algorithms/install/bug_algorithms/lib/bug_algorithms
[1.978s] Installing potential_fields script to /root/ros2_ws/src/bug_algorithms/install/bug_algorithms/lib/bug_algorithms
[1.978s] writing list of installed files to '/root/ros2_ws/src/bug_algorithms/build/bug_algorithms/install.log'
[2.000s] Invoked command in '/root/ros2_ws/src/bug_algorithms' returned '0': PYTHONPATH=/root/ros2_ws/src/bug_algorithms/build/bug_algorithms/prefix_override:/usr/lib/python3/dist-packages/colcon_core/task/python/colcon_distutils_commands:/root/ros2_ws/src/bug_algorithms/install/bug_algorithms/lib/python3.10/site-packages:${PYTHONPATH} /usr/bin/python3 -W ignore:setup.py install is deprecated -W ignore:easy_install command is deprecated setup.py egg_info --egg-base build/bug_algorithms build --build-base /root/ros2_ws/src/bug_algorithms/build/bug_algorithms/build install --record /root/ros2_ws/src/bug_algorithms/build/bug_algorithms/install.log --single-version-externally-managed install_data
