[0.615s] Invoking command in '/root/ros2_ws/src/bug_algorithms': PYTHONPATH=/root/ros2_ws/src/bug_algorithms/build/bug_algorithms/prefix_override:/usr/lib/python3/dist-packages/colcon_core/task/python/colcon_distutils_commands:/root/ros2_ws/src/bug_algorithms/install/bug_algorithms/lib/python3.10/site-packages:${PYTHONPATH} /usr/bin/python3 -W ignore:setup.py install is deprecated -W ignore:easy_install command is deprecated setup.py egg_info --egg-base build/bug_algorithms build --build-base /root/ros2_ws/src/bug_algorithms/build/bug_algorithms/build install --record /root/ros2_ws/src/bug_algorithms/build/bug_algorithms/install.log --single-version-externally-managed install_data
[0.842s] running egg_info
[0.843s] writing build/bug_algorithms/bug_algorithms.egg-info/PKG-INFO
[0.843s] writing dependency_links to build/bug_algorithms/bug_algorithms.egg-info/dependency_links.txt
[0.844s] writing entry points to build/bug_algorithms/bug_algorithms.egg-info/entry_points.txt
[0.844s] writing requirements to build/bug_algorithms/bug_algorithms.egg-info/requires.txt
[0.844s] writing top-level names to build/bug_algorithms/bug_algorithms.egg-info/top_level.txt
[0.846s] reading manifest file 'build/bug_algorithms/bug_algorithms.egg-info/SOURCES.txt'
[0.846s] writing manifest file 'build/bug_algorithms/bug_algorithms.egg-info/SOURCES.txt'
[0.847s] running build
[0.847s] running build_py
[0.847s] running install
[0.847s] running install_lib
[0.849s] running install_data
[0.849s] running install_egg_info
[0.850s] removing '/root/ros2_ws/src/bug_algorithms/install/bug_algorithms/lib/python3.10/site-packages/bug_algorithms-0.0.0-py3.10.egg-info' (and everything under it)
[0.851s] Copying build/bug_algorithms/bug_algorithms.egg-info to /root/ros2_ws/src/bug_algorithms/install/bug_algorithms/lib/python3.10/site-packages/bug_algorithms-0.0.0-py3.10.egg-info
[0.852s] running install_scripts
[0.871s] Installing bug1 script to /root/ros2_ws/src/bug_algorithms/install/bug_algorithms/lib/bug_algorithms
[0.871s] Installing bug_tangente script to /root/ros2_ws/src/bug_algorithms/install/bug_algorithms/lib/bug_algorithms
[0.872s] writing list of installed files to '/root/ros2_ws/src/bug_algorithms/build/bug_algorithms/install.log'
[0.904s] Invoked command in '/root/ros2_ws/src/bug_algorithms' returned '0': PYTHONPATH=/root/ros2_ws/src/bug_algorithms/build/bug_algorithms/prefix_override:/usr/lib/python3/dist-packages/colcon_core/task/python/colcon_distutils_commands:/root/ros2_ws/src/bug_algorithms/install/bug_algorithms/lib/python3.10/site-packages:${PYTHONPATH} /usr/bin/python3 -W ignore:setup.py install is deprecated -W ignore:easy_install command is deprecated setup.py egg_info --egg-base build/bug_algorithms build --build-base /root/ros2_ws/src/bug_algorithms/build/bug_algorithms/build install --record /root/ros2_ws/src/bug_algorithms/build/bug_algorithms/install.log --single-version-externally-managed install_data
