[5.784s] DEBUG:colcon:Command line arguments: ['/usr/bin/colcon', 'build', '--packages-select', 'bug_algorithms']
[5.784s] DEBUG:colcon:Parsed command line arguments: Namespace(log_base=None, log_level=None, verb_name='build', build_base='build', install_base='install', merge_install=False, symlink_install=False, test_result_base=None, continue_on_error=False, executor='parallel', parallel_workers=12, event_handlers=None, ignore_user_meta=False, metas=['./colcon.meta'], base_paths=['.'], packages_ignore=None, packages_ignore_regex=None, paths=None, packages_up_to=None, packages_up_to_regex=None, packages_above=None, packages_above_and_dependencies=None, packages_above_depth=None, packages_select_by_dep=None, packages_skip_by_dep=None, packages_skip_up_to=None, packages_select_build_failed=False, packages_skip_build_finished=False, packages_select_test_failures=False, packages_skip_test_passed=False, packages_select=['bug_algorithms'], packages_skip=None, packages_select_regex=None, packages_skip_regex=None, packages_start=None, packages_end=None, allow_overriding=[], cmake_args=None, cmake_target=None, cmake_target_skip_unavailable=False, cmake_clean_cache=False, cmake_clean_first=False, cmake_force_configure=False, ament_cmake_args=None, catkin_cmake_args=None, catkin_skip_building_tests=False, mixin_files=None, mixin=None, verb_parser=<colcon_mixin.mixin.mixin_argument.MixinArgumentDecorator object at 0x7f7418f874f0>, verb_extension=<colcon_core.verb.build.BuildVerb object at 0x7f74190c83d0>, main=<bound method BuildVerb.main of <colcon_core.verb.build.BuildVerb object at 0x7f74190c83d0>>, mixin_verb=('build',))
[9.194s] Level 1:colcon.colcon_core.package_discovery:discover_packages(colcon_meta) check parameters
[9.194s] Level 1:colcon.colcon_core.package_discovery:discover_packages(recursive) check parameters
[9.194s] Level 1:colcon.colcon_core.package_discovery:discover_packages(ignore) check parameters
[9.194s] Level 1:colcon.colcon_core.package_discovery:discover_packages(path) check parameters
[9.194s] Level 1:colcon.colcon_core.package_discovery:discover_packages(colcon_meta) discover
[9.194s] Level 1:colcon.colcon_core.package_discovery:discover_packages(recursive) discover
[9.194s] INFO:colcon.colcon_core.package_discovery:Crawling recursively for packages in '/root/ros2_ws/src/bug_algorithms'
[9.195s] Level 1:colcon.colcon_core.package_identification:_identify(.) by extensions ['ignore', 'ignore_ament_install']
[9.195s] Level 1:colcon.colcon_core.package_identification:_identify(.) by extension 'ignore'
[9.195s] Level 1:colcon.colcon_core.package_identification:_identify(.) by extension 'ignore_ament_install'
[9.195s] Level 1:colcon.colcon_core.package_identification:_identify(.) by extensions ['colcon_pkg']
[9.195s] Level 1:colcon.colcon_core.package_identification:_identify(.) by extension 'colcon_pkg'
[9.195s] Level 1:colcon.colcon_core.package_identification:_identify(.) by extensions ['colcon_meta']
[9.195s] Level 1:colcon.colcon_core.package_identification:_identify(.) by extension 'colcon_meta'
[9.195s] Level 1:colcon.colcon_core.package_identification:_identify(.) by extensions ['ros']
[9.195s] Level 1:colcon.colcon_core.package_identification:_identify(.) by extension 'ros'
[9.248s] DEBUG:colcon.colcon_core.package_identification:Package '.' with type 'ros.ament_python' and name 'bug_algorithms'
[9.248s] Level 1:colcon.colcon_core.package_discovery:discover_packages(recursive) using defaults
[9.248s] Level 1:colcon.colcon_core.package_discovery:discover_packages(ignore) discover
[9.248s] Level 1:colcon.colcon_core.package_discovery:discover_packages(ignore) using defaults
[9.248s] Level 1:colcon.colcon_core.package_discovery:discover_packages(path) discover
[9.248s] Level 1:colcon.colcon_core.package_discovery:discover_packages(path) using defaults
[9.465s] Level 1:colcon.colcon_core.package_discovery:discover_packages(prefix_path) check parameters
[9.465s] Level 1:colcon.colcon_core.package_discovery:discover_packages(prefix_path) discover
[9.727s] DEBUG:colcon.colcon_installed_package_information.package_discovery:Found 16 installed packages in /root/turtlebot3_ws/install
[9.735s] DEBUG:colcon.colcon_installed_package_information.package_discovery:Found 1 installed packages in /root/ros2_ws/install
[9.745s] DEBUG:colcon.colcon_installed_package_information.package_discovery:Found 381 installed packages in /opt/ros/humble
[9.747s] Level 1:colcon.colcon_core.package_discovery:discover_packages(prefix_path) using defaults
[13.553s] Level 5:colcon.colcon_core.verb:set package 'bug_algorithms' build argument 'cmake_args' from command line to 'None'
[13.554s] Level 5:colcon.colcon_core.verb:set package 'bug_algorithms' build argument 'cmake_target' from command line to 'None'
[13.554s] Level 5:colcon.colcon_core.verb:set package 'bug_algorithms' build argument 'cmake_target_skip_unavailable' from command line to 'False'
[13.554s] Level 5:colcon.colcon_core.verb:set package 'bug_algorithms' build argument 'cmake_clean_cache' from command line to 'False'
[13.554s] Level 5:colcon.colcon_core.verb:set package 'bug_algorithms' build argument 'cmake_clean_first' from command line to 'False'
[13.554s] Level 5:colcon.colcon_core.verb:set package 'bug_algorithms' build argument 'cmake_force_configure' from command line to 'False'
[13.554s] Level 5:colcon.colcon_core.verb:set package 'bug_algorithms' build argument 'ament_cmake_args' from command line to 'None'
[13.554s] Level 5:colcon.colcon_core.verb:set package 'bug_algorithms' build argument 'catkin_cmake_args' from command line to 'None'
[13.554s] Level 5:colcon.colcon_core.verb:set package 'bug_algorithms' build argument 'catkin_skip_building_tests' from command line to 'False'
[13.554s] DEBUG:colcon.colcon_core.verb:Building package 'bug_algorithms' with the following arguments: {'ament_cmake_args': None, 'build_base': '/root/ros2_ws/src/bug_algorithms/build/bug_algorithms', 'catkin_cmake_args': None, 'catkin_skip_building_tests': False, 'cmake_args': None, 'cmake_clean_cache': False, 'cmake_clean_first': False, 'cmake_force_configure': False, 'cmake_target': None, 'cmake_target_skip_unavailable': False, 'install_base': '/root/ros2_ws/src/bug_algorithms/install/bug_algorithms', 'merge_install': False, 'path': '/root/ros2_ws/src/bug_algorithms', 'symlink_install': False, 'test_result_base': None}
[13.554s] INFO:colcon.colcon_core.executor:Executing jobs using 'parallel' executor
[13.555s] DEBUG:colcon.colcon_parallel_executor.executor.parallel:run_until_complete
[13.567s] INFO:colcon.colcon_ros.task.ament_python.build:Building ROS package in '/root/ros2_ws/src/bug_algorithms' with build type 'ament_python'
[13.567s] Level 1:colcon.colcon_core.shell:create_environment_hook('bug_algorithms', 'ament_prefix_path')
[13.650s] INFO:colcon.colcon_core.plugin_system:Skipping extension 'colcon_core.shell.bat': Not used on non-Windows systems
[13.651s] INFO:colcon.colcon_core.shell:Creating environment hook '/root/ros2_ws/src/bug_algorithms/install/bug_algorithms/share/bug_algorithms/hook/ament_prefix_path.ps1'
[13.668s] INFO:colcon.colcon_core.shell:Creating environment descriptor '/root/ros2_ws/src/bug_algorithms/install/bug_algorithms/share/bug_algorithms/hook/ament_prefix_path.dsv'
[13.683s] INFO:colcon.colcon_core.shell:Creating environment hook '/root/ros2_ws/src/bug_algorithms/install/bug_algorithms/share/bug_algorithms/hook/ament_prefix_path.sh'
[13.684s] INFO:colcon.colcon_core.shell:Skip shell extension 'powershell' for command environment: Not usable outside of PowerShell
[13.684s] DEBUG:colcon.colcon_core.shell:Skip shell extension 'dsv' for command environment
[13.945s] INFO:colcon.colcon_core.task.python.build:Building Python package in '/root/ros2_ws/src/bug_algorithms'
[13.946s] INFO:colcon.colcon_core.shell:Skip shell extension 'powershell' for command environment: Not usable outside of PowerShell
[13.946s] DEBUG:colcon.colcon_core.shell:Skip shell extension 'dsv' for command environment
[15.191s] DEBUG:colcon.colcon_core.event_handler.log_command:Invoking command in '/root/ros2_ws/src/bug_algorithms': PYTHONPATH=/root/ros2_ws/src/bug_algorithms/build/bug_algorithms/prefix_override:/usr/lib/python3/dist-packages/colcon_core/task/python/colcon_distutils_commands:/root/ros2_ws/src/bug_algorithms/install/bug_algorithms/lib/python3.10/site-packages:${PYTHONPATH} /usr/bin/python3 -W ignore:setup.py install is deprecated -W ignore:easy_install command is deprecated setup.py egg_info --egg-base build/bug_algorithms build --build-base /root/ros2_ws/src/bug_algorithms/build/bug_algorithms/build install --record /root/ros2_ws/src/bug_algorithms/build/bug_algorithms/install.log --single-version-externally-managed install_data
[15.567s] DEBUG:colcon.colcon_core.event_handler.log_command:Invoked command in '/root/ros2_ws/src/bug_algorithms' returned '0': PYTHONPATH=/root/ros2_ws/src/bug_algorithms/build/bug_algorithms/prefix_override:/usr/lib/python3/dist-packages/colcon_core/task/python/colcon_distutils_commands:/root/ros2_ws/src/bug_algorithms/install/bug_algorithms/lib/python3.10/site-packages:${PYTHONPATH} /usr/bin/python3 -W ignore:setup.py install is deprecated -W ignore:easy_install command is deprecated setup.py egg_info --egg-base build/bug_algorithms build --build-base /root/ros2_ws/src/bug_algorithms/build/bug_algorithms/build install --record /root/ros2_ws/src/bug_algorithms/build/bug_algorithms/install.log --single-version-externally-managed install_data
[15.669s] Level 1:colcon.colcon_core.environment:checking '/root/ros2_ws/src/bug_algorithms/install/bug_algorithms' for CMake module files
[15.669s] Level 1:colcon.colcon_core.environment:checking '/root/ros2_ws/src/bug_algorithms/install/bug_algorithms' for CMake config files
[15.670s] Level 1:colcon.colcon_core.environment:checking '/root/ros2_ws/src/bug_algorithms/install/bug_algorithms/lib'
[15.670s] Level 1:colcon.colcon_core.environment:checking '/root/ros2_ws/src/bug_algorithms/install/bug_algorithms/bin'
[15.670s] Level 1:colcon.colcon_core.environment:checking '/root/ros2_ws/src/bug_algorithms/install/bug_algorithms/lib/pkgconfig/bug_algorithms.pc'
[15.671s] Level 1:colcon.colcon_core.environment:checking '/root/ros2_ws/src/bug_algorithms/install/bug_algorithms/lib/python3.10/site-packages'
[15.671s] Level 1:colcon.colcon_core.shell:create_environment_hook('bug_algorithms', 'pythonpath')
[15.671s] INFO:colcon.colcon_core.shell:Creating environment hook '/root/ros2_ws/src/bug_algorithms/install/bug_algorithms/share/bug_algorithms/hook/pythonpath.ps1'
[15.671s] INFO:colcon.colcon_core.shell:Creating environment descriptor '/root/ros2_ws/src/bug_algorithms/install/bug_algorithms/share/bug_algorithms/hook/pythonpath.dsv'
[15.672s] INFO:colcon.colcon_core.shell:Creating environment hook '/root/ros2_ws/src/bug_algorithms/install/bug_algorithms/share/bug_algorithms/hook/pythonpath.sh'
[15.672s] Level 1:colcon.colcon_core.environment:checking '/root/ros2_ws/src/bug_algorithms/install/bug_algorithms/bin'
[15.672s] Level 1:colcon.colcon_core.environment:create_environment_scripts_only(bug_algorithms)
[15.672s] INFO:colcon.colcon_core.shell:Creating package script '/root/ros2_ws/src/bug_algorithms/install/bug_algorithms/share/bug_algorithms/package.ps1'
[15.683s] INFO:colcon.colcon_core.shell:Creating package descriptor '/root/ros2_ws/src/bug_algorithms/install/bug_algorithms/share/bug_algorithms/package.dsv'
[15.693s] INFO:colcon.colcon_core.shell:Creating package script '/root/ros2_ws/src/bug_algorithms/install/bug_algorithms/share/bug_algorithms/package.sh'
[15.694s] INFO:colcon.colcon_core.shell:Creating package script '/root/ros2_ws/src/bug_algorithms/install/bug_algorithms/share/bug_algorithms/package.bash'
[15.726s] INFO:colcon.colcon_core.shell:Creating package script '/root/ros2_ws/src/bug_algorithms/install/bug_algorithms/share/bug_algorithms/package.zsh'
[15.757s] Level 1:colcon.colcon_core.environment:create_file_with_runtime_dependencies(/root/ros2_ws/src/bug_algorithms/install/bug_algorithms/share/colcon-core/packages/bug_algorithms)
[15.758s] DEBUG:colcon.colcon_parallel_executor.executor.parallel:closing loop
[15.758s] DEBUG:colcon.colcon_parallel_executor.executor.parallel:loop closed
[15.758s] DEBUG:colcon.colcon_parallel_executor.executor.parallel:run_until_complete finished with '0'
[15.759s] DEBUG:colcon.colcon_core.event_reactor:joining thread
[15.876s] INFO:colcon.colcon_core.plugin_system:Skipping extension 'colcon_notification.desktop_notification.notify_send': Could not find 'notify-send'
[15.876s] INFO:colcon.colcon_core.plugin_system:Skipping extension 'colcon_notification.desktop_notification.terminal_notifier': Not used on non-Darwin systems
[15.876s] INFO:colcon.colcon_core.plugin_system:Skipping extension 'colcon_notification.desktop_notification.win32': Not used on non-Windows systems
[15.876s] INFO:colcon.colcon_notification.desktop_notification:Sending desktop notification using 'notify2'
[15.876s] DEBUG:colcon.colcon_notification.desktop_notification.notify2:Failed to initialize notify2: org.freedesktop.DBus.Error.FileNotFound: Failed to connect to socket /run/user/0/bus: No such file or directory
[15.876s] DEBUG:colcon.colcon_core.event_reactor:joined thread
[15.877s] INFO:colcon.colcon_core.shell:Creating prefix script '/root/ros2_ws/src/bug_algorithms/install/local_setup.ps1'
[15.878s] INFO:colcon.colcon_core.shell:Creating prefix util module '/root/ros2_ws/src/bug_algorithms/install/_local_setup_util_ps1.py'
[15.880s] INFO:colcon.colcon_core.shell:Creating prefix chain script '/root/ros2_ws/src/bug_algorithms/install/setup.ps1'
[15.882s] INFO:colcon.colcon_core.shell:Creating prefix script '/root/ros2_ws/src/bug_algorithms/install/local_setup.sh'
[15.883s] INFO:colcon.colcon_core.shell:Creating prefix util module '/root/ros2_ws/src/bug_algorithms/install/_local_setup_util_sh.py'
[15.883s] INFO:colcon.colcon_core.shell:Creating prefix chain script '/root/ros2_ws/src/bug_algorithms/install/setup.sh'
[15.885s] INFO:colcon.colcon_core.shell:Creating prefix script '/root/ros2_ws/src/bug_algorithms/install/local_setup.bash'
[15.886s] INFO:colcon.colcon_core.shell:Creating prefix chain script '/root/ros2_ws/src/bug_algorithms/install/setup.bash'
[15.888s] INFO:colcon.colcon_core.shell:Creating prefix script '/root/ros2_ws/src/bug_algorithms/install/local_setup.zsh'
[15.889s] INFO:colcon.colcon_core.shell:Creating prefix chain script '/root/ros2_ws/src/bug_algorithms/install/setup.zsh'
