[0.552s] Invoking command in '/root/ros2_ws/src/bug_algorithms': PYTHONPATH=/root/ros2_ws/src/bug_algorithms/build/bug_algorithms/prefix_override:/usr/lib/python3/dist-packages/colcon_core/task/python/colcon_distutils_commands:/root/ros2_ws/src/bug_algorithms/install/bug_algorithms/lib/python3.10/site-packages:${PYTHONPATH} /usr/bin/python3 -W ignore:setup.py install is deprecated -W ignore:easy_install command is deprecated setup.py egg_info --egg-base build/bug_algorithms build --build-base /root/ros2_ws/src/bug_algorithms/build/bug_algorithms/build install --record /root/ros2_ws/src/bug_algorithms/build/bug_algorithms/install.log --single-version-externally-managed install_data
[0.747s] running egg_info
[0.748s] writing build/bug_algorithms/bug_algorithms.egg-info/PKG-INFO
[0.748s] writing dependency_links to build/bug_algorithms/bug_algorithms.egg-info/dependency_links.txt
[0.748s] writing entry points to build/bug_algorithms/bug_algorithms.egg-info/entry_points.txt
[0.748s] writing requirements to build/bug_algorithms/bug_algorithms.egg-info/requires.txt
[0.749s] writing top-level names to build/bug_algorithms/bug_algorithms.egg-info/top_level.txt
[0.750s] reading manifest file 'build/bug_algorithms/bug_algorithms.egg-info/SOURCES.txt'
[0.751s] writing manifest file 'build/bug_algorithms/bug_algorithms.egg-info/SOURCES.txt'
[0.751s] running build
[0.751s] running build_py
[0.751s] copying bug_algorithms/potential_fields.py -> /root/ros2_ws/src/bug_algorithms/build/bug_algorithms/build/lib/bug_algorithms
[0.751s] running install
[0.752s] running install_lib
[0.752s] copying /root/ros2_ws/src/bug_algorithms/build/bug_algorithms/build/lib/bug_algorithms/potential_fields.py -> /root/ros2_ws/src/bug_algorithms/install/bug_algorithms/lib/python3.10/site-packages/bug_algorithms
[0.753s] byte-compiling /root/ros2_ws/src/bug_algorithms/install/bug_algorithms/lib/python3.10/site-packages/bug_algorithms/potential_fields.py to potential_fields.cpython-310.pyc
[0.754s] running install_data
[0.754s] running install_egg_info
[0.755s] removing '/root/ros2_ws/src/bug_algorithms/install/bug_algorithms/lib/python3.10/site-packages/bug_algorithms-0.0.0-py3.10.egg-info' (and everything under it)
[0.756s] Copying build/bug_algorithms/bug_algorithms.egg-info to /root/ros2_ws/src/bug_algorithms/install/bug_algorithms/lib/python3.10/site-packages/bug_algorithms-0.0.0-py3.10.egg-info
[0.757s] running install_scripts
[0.772s] Installing bug1 script to /root/ros2_ws/src/bug_algorithms/install/bug_algorithms/lib/bug_algorithms
[0.772s] Installing bug_tangente script to /root/ros2_ws/src/bug_algorithms/install/bug_algorithms/lib/bug_algorithms
[0.772s] Installing bug_zero script to /root/ros2_ws/src/bug_algorithms/install/bug_algorithms/lib/bug_algorithms
[0.772s] Installing potential_fields script to /root/ros2_ws/src/bug_algorithms/install/bug_algorithms/lib/bug_algorithms
[0.772s] writing list of installed files to '/root/ros2_ws/src/bug_algorithms/build/bug_algorithms/install.log'
[0.793s] Invoked command in '/root/ros2_ws/src/bug_algorithms' returned '0': PYTHONPATH=/root/ros2_ws/src/bug_algorithms/build/bug_algorithms/prefix_override:/usr/lib/python3/dist-packages/colcon_core/task/python/colcon_distutils_commands:/root/ros2_ws/src/bug_algorithms/install/bug_algorithms/lib/python3.10/site-packages:${PYTHONPATH} /usr/bin/python3 -W ignore:setup.py install is deprecated -W ignore:easy_install command is deprecated setup.py egg_info --egg-base build/bug_algorithms build --build-base /root/ros2_ws/src/bug_algorithms/build/bug_algorithms/build install --record /root/ros2_ws/src/bug_algorithms/build/bug_algorithms/install.log --single-version-externally-managed install_data
